<?xml version="1.0" encoding="UTF-8"?>
<!-- Generated by org.testng.reporters.JUnitXMLReporter -->
<testsuite hostname="MAHFUZ" ignored="0" name="firefox" tests="4" failures="4" timestamp="15 Oct 2022 13:46:01 GMT" time="2.294" errors="0">
  <testcase name="verifyHomePageTitle" time="2.219" classname="com.osa.tetes.HomePage">
    <failure type="org.openqa.selenium.SessionNotCreatedException" message="session not created: No matching capabilities found
Build info: version: &amp;apos;3.141.59&amp;apos;, revision: &amp;apos;e82be7d358&amp;apos;, time: &amp;apos;2018-11-14T08:17:03&amp;apos;
System info: host: &amp;apos;MAHFUZ&amp;apos;, ip: &amp;apos;192.168.1.61&amp;apos;, os.name: &amp;apos;Windows 10&amp;apos;, os.arch: &amp;apos;amd64&amp;apos;, os.version: &amp;apos;10.0&amp;apos;, java.version: &amp;apos;1.8.0_291&amp;apos;
Driver info: driver.version: FirefoxDriver
remote stacktrace: Backtrace:
	Ordinal0 [0x00B77413+2389011]
	Ordinal0 [0x00B09F61+1941345]
	Ordinal0 [0x009FC658+837208]
	Ordinal0 [0x00A48119+1147161]
	Ordinal0 [0x00A4776C+1144684]
	Ordinal0 [0x00A48A95+1149589]
	Ordinal0 [0x00A488DA+1149146]
	Ordinal0 [0x00A43F66+1130342]
	Ordinal0 [0x00A1E546+976198]
	Ordinal0 [0x00A1F456+980054]
	GetHandleVerifier [0x00D29632+1727522]
	GetHandleVerifier [0x00DDBA4D+2457661]
	GetHandleVerifier [0x00C0EB81+569713]
	GetHandleVerifier [0x00C0DD76+566118]
	Ordinal0 [0x00B10B2B+1968939]
	Ordinal0 [0x00B15988+1989000]
	Ordinal0 [0x00B15A75+1989237]
	Ordinal0 [0x00B1ECB1+2026673]
	BaseThreadInitThunk [0x75D1FA29+25]
	RtlGetAppContainerNamedObjectPath [0x779D7B5E+286]
	RtlGetAppContainerNamedObjectPath [0x779D7B2E+238]
">
      <![CDATA[org.openqa.selenium.SessionNotCreatedException: session not created: No matching capabilities found
Build info: version: '3.141.59', revision: 'e82be7d358', time: '2018-11-14T08:17:03'
System info: host: 'MAHFUZ', ip: '192.168.1.61', os.name: 'Windows 10', os.arch: 'amd64', os.version: '10.0', java.version: '1.8.0_291'
Driver info: driver.version: FirefoxDriver
remote stacktrace: Backtrace:
Ordinal0 [0x00B77413+2389011]
Ordinal0 [0x00B09F61+1941345]
Ordinal0 [0x009FC658+837208]
Ordinal0 [0x00A48119+1147161]
Ordinal0 [0x00A4776C+1144684]
Ordinal0 [0x00A48A95+1149589]
Ordinal0 [0x00A488DA+1149146]
Ordinal0 [0x00A43F66+1130342]
Ordinal0 [0x00A1E546+976198]
Ordinal0 [0x00A1F456+980054]
GetHandleVerifier [0x00D29632+1727522]
GetHandleVerifier [0x00DDBA4D+2457661]
GetHandleVerifier [0x00C0EB81+569713]
GetHandleVerifier [0x00C0DD76+566118]
Ordinal0 [0x00B10B2B+1968939]
Ordinal0 [0x00B15988+1989000]
Ordinal0 [0x00B15A75+1989237]
Ordinal0 [0x00B1ECB1+2026673]
BaseThreadInitThunk [0x75D1FA29+25]
RtlGetAppContainerNamedObjectPath [0x779D7B5E+286]
RtlGetAppContainerNamedObjectPath [0x779D7B2E+238]

at org.openqa.selenium.remote.W3CHandshakeResponse.lambda$errorHandler$0(W3CHandshakeResponse.java:62)
at org.openqa.selenium.remote.HandshakeResponse.lambda$getResponseFunction$0(HandshakeResponse.java:30)
at org.openqa.selenium.remote.ProtocolHandshake.lambda$createSession$0(ProtocolHandshake.java:126)
at java.util.stream.ReferencePipeline$3$1.accept(ReferencePipeline.java:193)
at java.util.Spliterators$ArraySpliterator.tryAdvance(Spliterators.java:958)
at java.util.stream.ReferencePipeline.forEachWithCancel(ReferencePipeline.java:126)
at java.util.stream.AbstractPipeline.copyIntoWithCancel(AbstractPipeline.java:499)
at java.util.stream.AbstractPipeline.copyInto(AbstractPipeline.java:486)
at java.util.stream.AbstractPipeline.wrapAndCopyInto(AbstractPipeline.java:472)
at java.util.stream.FindOps$FindOp.evaluateSequential(FindOps.java:152)
at java.util.stream.AbstractPipeline.evaluate(AbstractPipeline.java:234)
at java.util.stream.ReferencePipeline.findFirst(ReferencePipeline.java:464)
at org.openqa.selenium.remote.ProtocolHandshake.createSession(ProtocolHandshake.java:128)
at org.openqa.selenium.remote.ProtocolHandshake.createSession(ProtocolHandshake.java:74)
at org.openqa.selenium.remote.HttpCommandExecutor.execute(HttpCommandExecutor.java:136)
at org.openqa.selenium.remote.service.DriverCommandExecutor.execute(DriverCommandExecutor.java:83)
at org.openqa.selenium.remote.RemoteWebDriver.execute(RemoteWebDriver.java:552)
at org.openqa.selenium.remote.RemoteWebDriver.startSession(RemoteWebDriver.java:213)
at org.openqa.selenium.remote.RemoteWebDriver.<init>(RemoteWebDriver.java:131)
at org.openqa.selenium.firefox.FirefoxDriver.<init>(FirefoxDriver.java:147)
at org.openqa.selenium.firefox.FirefoxDriver.<init>(FirefoxDriver.java:125)
at com.osa.base.Browser.getBrowserForWindows(Browser.java:32)
at com.osa.base.Browser.openBrowser(Browser.java:23)
at com.osa.tetes.HomePage.verifyHomePageTitle(HomePage.java:20)
at java.util.concurrent.FutureTask.run(FutureTask.java:266)
at java.util.concurrent.ThreadPoolExecutor.runWorker(ThreadPoolExecutor.java:1149)
at java.util.concurrent.ThreadPoolExecutor$Worker.run(ThreadPoolExecutor.java:624)
at java.lang.Thread.run(Thread.java:748)
... Removed 20 stack frames]]>
    </failure>
  </testcase> <!-- verifyHomePageTitle -->
  <testcase name="clickOnForumLoginButton" time="0.006" classname="com.osa.tetes.HomePage">
    <failure type="java.lang.NullPointerException">
      <![CDATA[java.lang.NullPointerException
at com.osa.tetes.HomePage.clickOnForumLoginButton(HomePage.java:29)
at java.util.concurrent.FutureTask.run(FutureTask.java:266)
at java.util.concurrent.ThreadPoolExecutor.runWorker(ThreadPoolExecutor.java:1149)
at java.util.concurrent.ThreadPoolExecutor$Worker.run(ThreadPoolExecutor.java:624)
at java.lang.Thread.run(Thread.java:748)
... Removed 16 stack frames]]>
    </failure>
  </testcase> <!-- clickOnForumLoginButton -->
  <testcase name="verifyLogin" time="0.001" classname="com.osa.tetes.HomePage">
    <failure type="java.lang.NullPointerException">
      <![CDATA[java.lang.NullPointerException
at com.osa.tetes.HomePage.verifyLogin(HomePage.java:33)
at java.util.concurrent.FutureTask.run(FutureTask.java:266)
at java.util.concurrent.ThreadPoolExecutor.runWorker(ThreadPoolExecutor.java:1149)
at java.util.concurrent.ThreadPoolExecutor$Worker.run(ThreadPoolExecutor.java:624)
at java.lang.Thread.run(Thread.java:748)
... Removed 16 stack frames]]>
    </failure>
  </testcase> <!-- verifyLogin -->
  <testcase name="closingBrowser" time="0.001" classname="com.osa.tetes.HomePage">
    <failure type="java.lang.NullPointerException">
      <![CDATA[java.lang.NullPointerException
at com.osa.tetes.HomePage.closingBrowser(HomePage.java:40)
at java.util.concurrent.FutureTask.run(FutureTask.java:266)
at java.util.concurrent.ThreadPoolExecutor.runWorker(ThreadPoolExecutor.java:1149)
at java.util.concurrent.ThreadPoolExecutor$Worker.run(ThreadPoolExecutor.java:624)
at java.lang.Thread.run(Thread.java:748)
... Removed 16 stack frames]]>
    </failure>
  </testcase> <!-- closingBrowser -->
</testsuite> <!-- firefox -->
