<?xml version="1.0" encoding="UTF-8"?>
<!-- Generated by org.testng.reporters.JUnitXMLReporter -->
<testsuite hostname="Shamima" ignored="0" name="Test1" tests="4" failures="0" timestamp="2020-09-20T13:52:36 EDT" time="9.764" errors="0">
  <testcase name="verifyHomePageTitle" time="8.104" classname="com.osa.tetes.HomePage"/>
  <testcase name="clickOnForumLoginButton" time="1.054" classname="com.osa.tetes.HomePage"/>
  <testcase name="verifyLogin" time="0.328" classname="com.osa.tetes.HomePage"/>
  <testcase name="closingBrowser" time="0.267" classname="com.osa.tetes.HomePage"/>
</testsuite> <!-- Test1 -->
