<?xml version="1.0" encoding="UTF-8"?>
<!-- Generated by org.testng.reporters.JUnitXMLReporter -->
<testsuite ignored="2" hostname="LAPTOP-901NLNPE" failures="2" tests="2" name="chrome(failed)" time="0.075" errors="0" timestamp="06 Nov 2020 02:40:22 GMT">
  <testcase classname="com.osa.tetes.HomePage" name="clickOnForumLoginButton" time="0.025">
    <failure type="java.lang.NullPointerException">
      <![CDATA[java.lang.NullPointerException
at com.osa.tetes.HomePage.clickOnForumLoginButton(HomePage.java:27)
at java.base/java.util.concurrent.FutureTask.run(FutureTask.java:264)
at java.base/java.util.concurrent.ThreadPoolExecutor.runWorker(ThreadPoolExecutor.java:1130)
at java.base/java.util.concurrent.ThreadPoolExecutor$Worker.run(ThreadPoolExecutor.java:630)
at java.base/java.lang.Thread.run(Thread.java:832)
... Removed 16 stack frames]]>
    </failure>
  </testcase> <!-- clickOnForumLoginButton -->
  <testcase classname="com.osa.tetes.HomePage" name="verifyLogin" time="0.003">
    <failure type="java.lang.NullPointerException">
      <![CDATA[java.lang.NullPointerException
at com.osa.tetes.HomePage.verifyLogin(HomePage.java:31)
at java.base/java.util.concurrent.FutureTask.run(FutureTask.java:264)
at java.base/java.util.concurrent.ThreadPoolExecutor.runWorker(ThreadPoolExecutor.java:1130)
at java.base/java.util.concurrent.ThreadPoolExecutor$Worker.run(ThreadPoolExecutor.java:630)
at java.base/java.lang.Thread.run(Thread.java:832)
... Removed 16 stack frames]]>
    </failure>
  </testcase> <!-- verifyLogin -->
  <testcase classname="com.osa.tetes.HomePage" name="verifyHomePageTitle" time="0.0">
    <ignored/>
  </testcase> <!-- verifyHomePageTitle -->
  <testcase classname="com.osa.tetes.HomePage" name="closingBrowser" time="0.0">
    <ignored/>
  </testcase> <!-- closingBrowser -->
</testsuite> <!-- chrome(failed) -->
